<html>
<head>
<title>TestNG:  Siddhi-map-text-tests</title>
<link href="../testng.css" rel="stylesheet" type="text/css" />
<link href="../my-testng.css" rel="stylesheet" type="text/css" />

<style type="text/css">
.log { display: none;} 
.stack-trace { display: none;} 
</style>
<script type="text/javascript">
<!--
function flip(e) {
  current = e.style.display;
  if (current == 'block') {
    e.style.display = 'none';
    return 0;
  }
  else {
    e.style.display = 'block';
    return 1;
  }
}

function toggleBox(szDivId, elem, msg1, msg2)
{
  var res = -1;  if (document.getElementById) {
    res = flip(document.getElementById(szDivId));
  }
  else if (document.all) {
    // this is the way old msie versions work
    res = flip(document.all[szDivId]);
  }
  if(elem) {
    if(res == 0) elem.innerHTML = msg1; else elem.innerHTML = msg2;
  }

}

function toggleAllBoxes() {
  if (document.getElementsByTagName) {
    d = document.getElementsByTagName('div');
    for (i = 0; i < d.length; i++) {
      if (d[i].className == 'log') {
        flip(d[i]);
      }
    }
  }
}

// -->
</script>

</head>
<body>
<h2 align='center'>Siddhi-map-text-tests</h2><table border='1' align="center">
<tr>
<td>Tests passed/Failed/Skipped:</td><td>20/5/0</td>
</tr><tr>
<td>Started on:</td><td>Tue Mar 19 12:00:13 IST 2019</td>
</tr>
<tr><td>Total time:</td><td>81 seconds (81680 ms)</td>
</tr><tr>
<td>Included groups:</td><td></td>
</tr><tr>
<td>Excluded groups:</td><td></td>
</tr>
</table><p/>
<small><i>(Hover the method name to see the test class name)</i></small><p/>
<table width='100%' border='1' class='invocation-failed'>
<tr><td colspan='4' align='center'><b>FAILED TESTS</b></td></tr>
<tr><td><b>Test method</b></td>
<td width="30%"><b>Exception</b></td>
<td width="10%"><b>Time (seconds)</b></td>
<td><b>Instance</b></td>
</tr>
<tr>
<td title='org.wso2.extension.siddhi.map.text.sinkmapper.TextDefaultSinkMapperTestCase.testTextSinkMapperEventGroupCustomDelimiter()'><b>testTextSinkMapperEventGroupCustomDelimiter</b><br>Test class: org.wso2.extension.siddhi.map.text.sinkmapper.TextDefaultSinkMapperTestCase</td>
<td><div><pre>java.lang.AssertionError: expected [100000] but found [1]
	at org.wso2.extension.siddhi.map.text.sinkmapper.TextDefaultSinkMapperTestCase.testTextSinkMapperEventGroupCustomDelimiter(TextDefaultSinkMapperTestCase.java:416)
	at org.apache.maven.surefire.testng.TestNGExecutor.run(TestNGExecutor.java:281)
	at org.apache.maven.surefire.testng.TestNGXmlTestSuite.execute(TestNGXmlTestSuite.java:75)
	at org.apache.maven.surefire.testng.TestNGProvider.invoke(TestNGProvider.java:121)
	at org.apache.maven.surefire.booter.ForkedBooter.invokeProviderInSameClassLoader(ForkedBooter.java:290)
	at org.apache.maven.surefire.booter.ForkedBooter.runSuitesInProcess(ForkedBooter.java:242)
	at org.apache.maven.surefire.booter.ForkedBooter.main(ForkedBooter.java:121)
... Removed 26 stack frames</pre></div><a href='#' onClick='toggleBox("stack-trace1319428339", this, "Click to show all stack frames", "Click to hide stack frames")'>Click to show all stack frames</a>
<div class='stack-trace' id='stack-trace1319428339'><pre>java.lang.AssertionError: expected [100000] but found [1]
	at org.testng.Assert.fail(Assert.java:94)
	at org.testng.Assert.failNotEquals(Assert.java:494)
	at org.testng.Assert.assertEquals(Assert.java:123)
	at org.testng.Assert.assertEquals(Assert.java:370)
	at org.testng.Assert.assertEquals(Assert.java:380)
	at org.wso2.extension.siddhi.map.text.sinkmapper.TextDefaultSinkMapperTestCase.testTextSinkMapperEventGroupCustomDelimiter(TextDefaultSinkMapperTestCase.java:416)
	at sun.reflect.NativeMethodAccessorImpl.invoke0(Native Method)
	at sun.reflect.NativeMethodAccessorImpl.invoke(NativeMethodAccessorImpl.java:62)
	at sun.reflect.DelegatingMethodAccessorImpl.invoke(DelegatingMethodAccessorImpl.java:43)
	at java.lang.reflect.Method.invoke(Method.java:498)
	at org.testng.internal.MethodInvocationHelper.invokeMethod(MethodInvocationHelper.java:80)
	at org.testng.internal.Invoker.invokeMethod(Invoker.java:714)
	at org.testng.internal.Invoker.invokeTestMethod(Invoker.java:901)
	at org.testng.internal.Invoker.invokeTestMethods(Invoker.java:1231)
	at org.testng.internal.TestMethodWorker.invokeTestMethods(TestMethodWorker.java:127)
	at org.testng.internal.TestMethodWorker.run(TestMethodWorker.java:111)
	at org.testng.TestRunner.privateRun(TestRunner.java:767)
	at org.testng.TestRunner.run(TestRunner.java:617)
	at org.testng.SuiteRunner.runTest(SuiteRunner.java:334)
	at org.testng.SuiteRunner.runSequentially(SuiteRunner.java:329)
	at org.testng.SuiteRunner.privateRun(SuiteRunner.java:291)
	at org.testng.SuiteRunner.run(SuiteRunner.java:240)
	at org.testng.SuiteRunnerWorker.runSuite(SuiteRunnerWorker.java:52)
	at org.testng.SuiteRunnerWorker.run(SuiteRunnerWorker.java:86)
	at org.testng.TestNG.runSuitesSequentially(TestNG.java:1198)
	at org.testng.TestNG.runSuitesLocally(TestNG.java:1123)
	at org.testng.TestNG.run(TestNG.java:1031)
	at org.apache.maven.surefire.testng.TestNGExecutor.run(TestNGExecutor.java:281)
	at org.apache.maven.surefire.testng.TestNGXmlTestSuite.execute(TestNGXmlTestSuite.java:75)
	at org.apache.maven.surefire.testng.TestNGProvider.invoke(TestNGProvider.java:121)
	at org.apache.maven.surefire.booter.ForkedBooter.invokeProviderInSameClassLoader(ForkedBooter.java:290)
	at org.apache.maven.surefire.booter.ForkedBooter.runSuitesInProcess(ForkedBooter.java:242)
	at org.apache.maven.surefire.booter.ForkedBooter.main(ForkedBooter.java:121)
</pre></div></td>
<td>0</td>
<td>org.wso2.extension.siddhi.map.text.sinkmapper.TextDefaultSinkMapperTestCase@35ff8fc9</td></tr>
<tr>
<td title='org.wso2.extension.siddhi.map.text.sinkmapper.TextDefaultSinkMapperTestCase.testTextSinkMapperEventGroupDefaultDecimeter()'><b>testTextSinkMapperEventGroupDefaultDecimeter</b><br>Test class: org.wso2.extension.siddhi.map.text.sinkmapper.TextDefaultSinkMapperTestCase</td>
<td><div><pre>java.lang.AssertionError: expected [1] but found [0]
	at org.wso2.extension.siddhi.map.text.sinkmapper.TextDefaultSinkMapperTestCase.testTextSinkMapperEventGroupDefaultDecimeter(TextDefaultSinkMapperTestCase.java:340)
	at org.apache.maven.surefire.testng.TestNGExecutor.run(TestNGExecutor.java:281)
	at org.apache.maven.surefire.testng.TestNGXmlTestSuite.execute(TestNGXmlTestSuite.java:75)
	at org.apache.maven.surefire.testng.TestNGProvider.invoke(TestNGProvider.java:121)
	at org.apache.maven.surefire.booter.ForkedBooter.invokeProviderInSameClassLoader(ForkedBooter.java:290)
	at org.apache.maven.surefire.booter.ForkedBooter.runSuitesInProcess(ForkedBooter.java:242)
	at org.apache.maven.surefire.booter.ForkedBooter.main(ForkedBooter.java:121)
... Removed 26 stack frames</pre></div><a href='#' onClick='toggleBox("stack-trace1253356749", this, "Click to show all stack frames", "Click to hide stack frames")'>Click to show all stack frames</a>
<div class='stack-trace' id='stack-trace1253356749'><pre>java.lang.AssertionError: expected [1] but found [0]
	at org.testng.Assert.fail(Assert.java:94)
	at org.testng.Assert.failNotEquals(Assert.java:494)
	at org.testng.Assert.assertEquals(Assert.java:123)
	at org.testng.Assert.assertEquals(Assert.java:370)
	at org.testng.Assert.assertEquals(Assert.java:380)
	at org.wso2.extension.siddhi.map.text.sinkmapper.TextDefaultSinkMapperTestCase.testTextSinkMapperEventGroupDefaultDecimeter(TextDefaultSinkMapperTestCase.java:340)
	at sun.reflect.NativeMethodAccessorImpl.invoke0(Native Method)
	at sun.reflect.NativeMethodAccessorImpl.invoke(NativeMethodAccessorImpl.java:62)
	at sun.reflect.DelegatingMethodAccessorImpl.invoke(DelegatingMethodAccessorImpl.java:43)
	at java.lang.reflect.Method.invoke(Method.java:498)
	at org.testng.internal.MethodInvocationHelper.invokeMethod(MethodInvocationHelper.java:80)
	at org.testng.internal.Invoker.invokeMethod(Invoker.java:714)
	at org.testng.internal.Invoker.invokeTestMethod(Invoker.java:901)
	at org.testng.internal.Invoker.invokeTestMethods(Invoker.java:1231)
	at org.testng.internal.TestMethodWorker.invokeTestMethods(TestMethodWorker.java:127)
	at org.testng.internal.TestMethodWorker.run(TestMethodWorker.java:111)
	at org.testng.TestRunner.privateRun(TestRunner.java:767)
	at org.testng.TestRunner.run(TestRunner.java:617)
	at org.testng.SuiteRunner.runTest(SuiteRunner.java:334)
	at org.testng.SuiteRunner.runSequentially(SuiteRunner.java:329)
	at org.testng.SuiteRunner.privateRun(SuiteRunner.java:291)
	at org.testng.SuiteRunner.run(SuiteRunner.java:240)
	at org.testng.SuiteRunnerWorker.runSuite(SuiteRunnerWorker.java:52)
	at org.testng.SuiteRunnerWorker.run(SuiteRunnerWorker.java:86)
	at org.testng.TestNG.runSuitesSequentially(TestNG.java:1198)
	at org.testng.TestNG.runSuitesLocally(TestNG.java:1123)
	at org.testng.TestNG.run(TestNG.java:1031)
	at org.apache.maven.surefire.testng.TestNGExecutor.run(TestNGExecutor.java:281)
	at org.apache.maven.surefire.testng.TestNGXmlTestSuite.execute(TestNGXmlTestSuite.java:75)
	at org.apache.maven.surefire.testng.TestNGProvider.invoke(TestNGProvider.java:121)
	at org.apache.maven.surefire.booter.ForkedBooter.invokeProviderInSameClassLoader(ForkedBooter.java:290)
	at org.apache.maven.surefire.booter.ForkedBooter.runSuitesInProcess(ForkedBooter.java:242)
	at org.apache.maven.surefire.booter.ForkedBooter.main(ForkedBooter.java:121)
</pre></div></td>
<td>60</td>
<td>org.wso2.extension.siddhi.map.text.sinkmapper.TextDefaultSinkMapperTestCase@35ff8fc9</td></tr>
<tr>
<td title='org.wso2.extension.siddhi.map.text.sinkmapper.TextDefaultSinkMapperTestCase.testTextSinkMapperEventGroupSingleEvent()'><b>testTextSinkMapperEventGroupSingleEvent</b><br>Test class: org.wso2.extension.siddhi.map.text.sinkmapper.TextDefaultSinkMapperTestCase</td>
<td><div><pre>java.lang.AssertionError: expected [1] but found [3]
	at org.wso2.extension.siddhi.map.text.sinkmapper.TextDefaultSinkMapperTestCase.testTextSinkMapperEventGroupSingleEvent(TextDefaultSinkMapperTestCase.java:544)
	at org.apache.maven.surefire.testng.TestNGExecutor.run(TestNGExecutor.java:281)
	at org.apache.maven.surefire.testng.TestNGXmlTestSuite.execute(TestNGXmlTestSuite.java:75)
	at org.apache.maven.surefire.testng.TestNGProvider.invoke(TestNGProvider.java:121)
	at org.apache.maven.surefire.booter.ForkedBooter.invokeProviderInSameClassLoader(ForkedBooter.java:290)
	at org.apache.maven.surefire.booter.ForkedBooter.runSuitesInProcess(ForkedBooter.java:242)
	at org.apache.maven.surefire.booter.ForkedBooter.main(ForkedBooter.java:121)
... Removed 26 stack frames</pre></div><a href='#' onClick='toggleBox("stack-trace528064332", this, "Click to show all stack frames", "Click to hide stack frames")'>Click to show all stack frames</a>
<div class='stack-trace' id='stack-trace528064332'><pre>java.lang.AssertionError: expected [1] but found [3]
	at org.testng.Assert.fail(Assert.java:94)
	at org.testng.Assert.failNotEquals(Assert.java:494)
	at org.testng.Assert.assertEquals(Assert.java:123)
	at org.testng.Assert.assertEquals(Assert.java:370)
	at org.testng.Assert.assertEquals(Assert.java:380)
	at org.wso2.extension.siddhi.map.text.sinkmapper.TextDefaultSinkMapperTestCase.testTextSinkMapperEventGroupSingleEvent(TextDefaultSinkMapperTestCase.java:544)
	at sun.reflect.NativeMethodAccessorImpl.invoke0(Native Method)
	at sun.reflect.NativeMethodAccessorImpl.invoke(NativeMethodAccessorImpl.java:62)
	at sun.reflect.DelegatingMethodAccessorImpl.invoke(DelegatingMethodAccessorImpl.java:43)
	at java.lang.reflect.Method.invoke(Method.java:498)
	at org.testng.internal.MethodInvocationHelper.invokeMethod(MethodInvocationHelper.java:80)
	at org.testng.internal.Invoker.invokeMethod(Invoker.java:714)
	at org.testng.internal.Invoker.invokeTestMethod(Invoker.java:901)
	at org.testng.internal.Invoker.invokeTestMethods(Invoker.java:1231)
	at org.testng.internal.TestMethodWorker.invokeTestMethods(TestMethodWorker.java:127)
	at org.testng.internal.TestMethodWorker.run(TestMethodWorker.java:111)
	at org.testng.TestRunner.privateRun(TestRunner.java:767)
	at org.testng.TestRunner.run(TestRunner.java:617)
	at org.testng.SuiteRunner.runTest(SuiteRunner.java:334)
	at org.testng.SuiteRunner.runSequentially(SuiteRunner.java:329)
	at org.testng.SuiteRunner.privateRun(SuiteRunner.java:291)
	at org.testng.SuiteRunner.run(SuiteRunner.java:240)
	at org.testng.SuiteRunnerWorker.runSuite(SuiteRunnerWorker.java:52)
	at org.testng.SuiteRunnerWorker.run(SuiteRunnerWorker.java:86)
	at org.testng.TestNG.runSuitesSequentially(TestNG.java:1198)
	at org.testng.TestNG.runSuitesLocally(TestNG.java:1123)
	at org.testng.TestNG.run(TestNG.java:1031)
	at org.apache.maven.surefire.testng.TestNGExecutor.run(TestNGExecutor.java:281)
	at org.apache.maven.surefire.testng.TestNGXmlTestSuite.execute(TestNGXmlTestSuite.java:75)
	at org.apache.maven.surefire.testng.TestNGProvider.invoke(TestNGProvider.java:121)
	at org.apache.maven.surefire.booter.ForkedBooter.invokeProviderInSameClassLoader(ForkedBooter.java:290)
	at org.apache.maven.surefire.booter.ForkedBooter.runSuitesInProcess(ForkedBooter.java:242)
	at org.apache.maven.surefire.booter.ForkedBooter.main(ForkedBooter.java:121)
</pre></div></td>
<td>0</td>
<td>org.wso2.extension.siddhi.map.text.sinkmapper.TextDefaultSinkMapperTestCase@35ff8fc9</td></tr>
<tr>
<td title='org.wso2.extension.siddhi.map.text.sinkmapper.TextDefaultSinkMapperTestCase.testTextSinkMapperNewLineCharacter()'><b>testTextSinkMapperNewLineCharacter</b><br>Test class: org.wso2.extension.siddhi.map.text.sinkmapper.TextDefaultSinkMapperTestCase</td>
<td><div><pre>java.lang.AssertionError: expected [1] but found [4]
	at org.wso2.extension.siddhi.map.text.sinkmapper.TextDefaultSinkMapperTestCase.testTextSinkMapperNewLineCharacter(TextDefaultSinkMapperTestCase.java:481)
	at org.apache.maven.surefire.testng.TestNGExecutor.run(TestNGExecutor.java:281)
	at org.apache.maven.surefire.testng.TestNGXmlTestSuite.execute(TestNGXmlTestSuite.java:75)
	at org.apache.maven.surefire.testng.TestNGProvider.invoke(TestNGProvider.java:121)
	at org.apache.maven.surefire.booter.ForkedBooter.invokeProviderInSameClassLoader(ForkedBooter.java:290)
	at org.apache.maven.surefire.booter.ForkedBooter.runSuitesInProcess(ForkedBooter.java:242)
	at org.apache.maven.surefire.booter.ForkedBooter.main(ForkedBooter.java:121)
... Removed 26 stack frames</pre></div><a href='#' onClick='toggleBox("stack-trace2077929580", this, "Click to show all stack frames", "Click to hide stack frames")'>Click to show all stack frames</a>
<div class='stack-trace' id='stack-trace2077929580'><pre>java.lang.AssertionError: expected [1] but found [4]
	at org.testng.Assert.fail(Assert.java:94)
	at org.testng.Assert.failNotEquals(Assert.java:494)
	at org.testng.Assert.assertEquals(Assert.java:123)
	at org.testng.Assert.assertEquals(Assert.java:370)
	at org.testng.Assert.assertEquals(Assert.java:380)
	at org.wso2.extension.siddhi.map.text.sinkmapper.TextDefaultSinkMapperTestCase.testTextSinkMapperNewLineCharacter(TextDefaultSinkMapperTestCase.java:481)
	at sun.reflect.NativeMethodAccessorImpl.invoke0(Native Method)
	at sun.reflect.NativeMethodAccessorImpl.invoke(NativeMethodAccessorImpl.java:62)
	at sun.reflect.DelegatingMethodAccessorImpl.invoke(DelegatingMethodAccessorImpl.java:43)
	at java.lang.reflect.Method.invoke(Method.java:498)
	at org.testng.internal.MethodInvocationHelper.invokeMethod(MethodInvocationHelper.java:80)
	at org.testng.internal.Invoker.invokeMethod(Invoker.java:714)
	at org.testng.internal.Invoker.invokeTestMethod(Invoker.java:901)
	at org.testng.internal.Invoker.invokeTestMethods(Invoker.java:1231)
	at org.testng.internal.TestMethodWorker.invokeTestMethods(TestMethodWorker.java:127)
	at org.testng.internal.TestMethodWorker.run(TestMethodWorker.java:111)
	at org.testng.TestRunner.privateRun(TestRunner.java:767)
	at org.testng.TestRunner.run(TestRunner.java:617)
	at org.testng.SuiteRunner.runTest(SuiteRunner.java:334)
	at org.testng.SuiteRunner.runSequentially(SuiteRunner.java:329)
	at org.testng.SuiteRunner.privateRun(SuiteRunner.java:291)
	at org.testng.SuiteRunner.run(SuiteRunner.java:240)
	at org.testng.SuiteRunnerWorker.runSuite(SuiteRunnerWorker.java:52)
	at org.testng.SuiteRunnerWorker.run(SuiteRunnerWorker.java:86)
	at org.testng.TestNG.runSuitesSequentially(TestNG.java:1198)
	at org.testng.TestNG.runSuitesLocally(TestNG.java:1123)
	at org.testng.TestNG.run(TestNG.java:1031)
	at org.apache.maven.surefire.testng.TestNGExecutor.run(TestNGExecutor.java:281)
	at org.apache.maven.surefire.testng.TestNGXmlTestSuite.execute(TestNGXmlTestSuite.java:75)
	at org.apache.maven.surefire.testng.TestNGProvider.invoke(TestNGProvider.java:121)
	at org.apache.maven.surefire.booter.ForkedBooter.invokeProviderInSameClassLoader(ForkedBooter.java:290)
	at org.apache.maven.surefire.booter.ForkedBooter.runSuitesInProcess(ForkedBooter.java:242)
	at org.apache.maven.surefire.booter.ForkedBooter.main(ForkedBooter.java:121)
</pre></div></td>
<td>0</td>
<td>org.wso2.extension.siddhi.map.text.sinkmapper.TextDefaultSinkMapperTestCase@35ff8fc9</td></tr>
<tr>
<td title='org.wso2.extension.siddhi.map.text.sinkmapper.TextDefaultSinkMapperTestCase.testTextSinkMapperWithDefaultMapping()'><b>testTextSinkMapperWithDefaultMapping</b><br>Test class: org.wso2.extension.siddhi.map.text.sinkmapper.TextDefaultSinkMapperTestCase</td>
<td><div><pre>java.lang.AssertionError: expected [2] but found [10]
	at org.wso2.extension.siddhi.map.text.sinkmapper.TextDefaultSinkMapperTestCase.testTextSinkMapperWithDefaultMapping(TextDefaultSinkMapperTestCase.java:144)
	at org.apache.maven.surefire.testng.TestNGExecutor.run(TestNGExecutor.java:281)
	at org.apache.maven.surefire.testng.TestNGXmlTestSuite.execute(TestNGXmlTestSuite.java:75)
	at org.apache.maven.surefire.testng.TestNGProvider.invoke(TestNGProvider.java:121)
	at org.apache.maven.surefire.booter.ForkedBooter.invokeProviderInSameClassLoader(ForkedBooter.java:290)
	at org.apache.maven.surefire.booter.ForkedBooter.runSuitesInProcess(ForkedBooter.java:242)
	at org.apache.maven.surefire.booter.ForkedBooter.main(ForkedBooter.java:121)
... Removed 26 stack frames</pre></div><a href='#' onClick='toggleBox("stack-trace908398862", this, "Click to show all stack frames", "Click to hide stack frames")'>Click to show all stack frames</a>
<div class='stack-trace' id='stack-trace908398862'><pre>java.lang.AssertionError: expected [2] but found [10]
	at org.testng.Assert.fail(Assert.java:94)
	at org.testng.Assert.failNotEquals(Assert.java:494)
	at org.testng.Assert.assertEquals(Assert.java:123)
	at org.testng.Assert.assertEquals(Assert.java:370)
	at org.testng.Assert.assertEquals(Assert.java:380)
	at org.wso2.extension.siddhi.map.text.sinkmapper.TextDefaultSinkMapperTestCase.testTextSinkMapperWithDefaultMapping(TextDefaultSinkMapperTestCase.java:144)
	at sun.reflect.NativeMethodAccessorImpl.invoke0(Native Method)
	at sun.reflect.NativeMethodAccessorImpl.invoke(NativeMethodAccessorImpl.java:62)
	at sun.reflect.DelegatingMethodAccessorImpl.invoke(DelegatingMethodAccessorImpl.java:43)
	at java.lang.reflect.Method.invoke(Method.java:498)
	at org.testng.internal.MethodInvocationHelper.invokeMethod(MethodInvocationHelper.java:80)
	at org.testng.internal.Invoker.invokeMethod(Invoker.java:714)
	at org.testng.internal.Invoker.invokeTestMethod(Invoker.java:901)
	at org.testng.internal.Invoker.invokeTestMethods(Invoker.java:1231)
	at org.testng.internal.TestMethodWorker.invokeTestMethods(TestMethodWorker.java:127)
	at org.testng.internal.TestMethodWorker.run(TestMethodWorker.java:111)
	at org.testng.TestRunner.privateRun(TestRunner.java:767)
	at org.testng.TestRunner.run(TestRunner.java:617)
	at org.testng.SuiteRunner.runTest(SuiteRunner.java:334)
	at org.testng.SuiteRunner.runSequentially(SuiteRunner.java:329)
	at org.testng.SuiteRunner.privateRun(SuiteRunner.java:291)
	at org.testng.SuiteRunner.run(SuiteRunner.java:240)
	at org.testng.SuiteRunnerWorker.runSuite(SuiteRunnerWorker.java:52)
	at org.testng.SuiteRunnerWorker.run(SuiteRunnerWorker.java:86)
	at org.testng.TestNG.runSuitesSequentially(TestNG.java:1198)
	at org.testng.TestNG.runSuitesLocally(TestNG.java:1123)
	at org.testng.TestNG.run(TestNG.java:1031)
	at org.apache.maven.surefire.testng.TestNGExecutor.run(TestNGExecutor.java:281)
	at org.apache.maven.surefire.testng.TestNGXmlTestSuite.execute(TestNGXmlTestSuite.java:75)
	at org.apache.maven.surefire.testng.TestNGProvider.invoke(TestNGProvider.java:121)
	at org.apache.maven.surefire.booter.ForkedBooter.invokeProviderInSameClassLoader(ForkedBooter.java:290)
	at org.apache.maven.surefire.booter.ForkedBooter.runSuitesInProcess(ForkedBooter.java:242)
	at org.apache.maven.surefire.booter.ForkedBooter.main(ForkedBooter.java:121)
</pre></div></td>
<td>1</td>
<td>org.wso2.extension.siddhi.map.text.sinkmapper.TextDefaultSinkMapperTestCase@35ff8fc9</td></tr>
</table><p>
<table width='100%' border='1' class='invocation-passed'>
<tr><td colspan='4' align='center'><b>PASSED TESTS</b></td></tr>
<tr><td><b>Test method</b></td>
<td width="30%"><b>Exception</b></td>
<td width="10%"><b>Time (seconds)</b></td>
<td><b>Instance</b></td>
</tr>
<tr>
<td title='org.wso2.extension.siddhi.map.text.sinkmapper.TextCustomSinkMapperTestCase.fileSinkTest()'><b>fileSinkTest</b><br>Test class: org.wso2.extension.siddhi.map.text.sinkmapper.TextCustomSinkMapperTestCase</td>
<td></td>
<td>1</td>
<td>org.wso2.extension.siddhi.map.text.sinkmapper.TextCustomSinkMapperTestCase@7186333e</td></tr>
<tr>
<td title='org.wso2.extension.siddhi.map.text.sinkmapper.TextDefaultSinkMapperTestCase.fileSinkTestGroup()'><b>fileSinkTestGroup</b><br>Test class: org.wso2.extension.siddhi.map.text.sinkmapper.TextDefaultSinkMapperTestCase</td>
<td></td>
<td>2</td>
<td>org.wso2.extension.siddhi.map.text.sinkmapper.TextDefaultSinkMapperTestCase@35ff8fc9</td></tr>
<tr>
<td title='org.wso2.extension.siddhi.map.text.sinkmapper.TextCustomSinkMapperTestCase.fileSinkTestGroup()'><b>fileSinkTestGroup</b><br>Test class: org.wso2.extension.siddhi.map.text.sinkmapper.TextCustomSinkMapperTestCase</td>
<td></td>
<td>1</td>
<td>org.wso2.extension.siddhi.map.text.sinkmapper.TextCustomSinkMapperTestCase@7186333e</td></tr>
<tr>
<td title='org.wso2.extension.siddhi.map.text.sinkmapper.TextDefaultSinkMapperTestCase.fileSinkTestNewLineCharacter()'><b>fileSinkTestNewLineCharacter</b><br>Test class: org.wso2.extension.siddhi.map.text.sinkmapper.TextDefaultSinkMapperTestCase</td>
<td></td>
<td>1</td>
<td>org.wso2.extension.siddhi.map.text.sinkmapper.TextDefaultSinkMapperTestCase@35ff8fc9</td></tr>
<tr>
<td title='org.wso2.extension.siddhi.map.text.sinkmapper.TextDefaultSinkMapperTestCase.fileSinkTestSingle()'><b>fileSinkTestSingle</b><br>Test class: org.wso2.extension.siddhi.map.text.sinkmapper.TextDefaultSinkMapperTestCase</td>
<td></td>
<td>1</td>
<td>org.wso2.extension.siddhi.map.text.sinkmapper.TextDefaultSinkMapperTestCase@35ff8fc9</td></tr>
<tr>
<td title='org.wso2.extension.siddhi.map.text.sinkmapper.TextDefaultSinkMapperTestCase.testHTTPTextMappingText()'><b>testHTTPTextMappingText</b><br>Test class: org.wso2.extension.siddhi.map.text.sinkmapper.TextDefaultSinkMapperTestCase</td>
<td></td>
<td>1</td>
<td>org.wso2.extension.siddhi.map.text.sinkmapper.TextDefaultSinkMapperTestCase@35ff8fc9</td></tr>
<tr>
<td title='org.wso2.extension.siddhi.map.text.sinkmapper.TextCustomSinkMapperTestCase.testHTTPTextMappingText()'><b>testHTTPTextMappingText</b><br>Test class: org.wso2.extension.siddhi.map.text.sinkmapper.TextCustomSinkMapperTestCase</td>
<td></td>
<td>1</td>
<td>org.wso2.extension.siddhi.map.text.sinkmapper.TextCustomSinkMapperTestCase@7186333e</td></tr>
<tr>
<td title='org.wso2.extension.siddhi.map.text.sinkmapper.TextCustomSinkMapperTestCase.testHTTPTextMappingTextMultiple()'><b>testHTTPTextMappingTextMultiple</b><br>Test class: org.wso2.extension.siddhi.map.text.sinkmapper.TextCustomSinkMapperTestCase</td>
<td></td>
<td>1</td>
<td>org.wso2.extension.siddhi.map.text.sinkmapper.TextCustomSinkMapperTestCase@7186333e</td></tr>
<tr>
<td title='org.wso2.extension.siddhi.map.text.sinkmapper.TextCustomSinkMapperTestCase.testTextSinkCustomMapping()'><b>testTextSinkCustomMapping</b><br>Test class: org.wso2.extension.siddhi.map.text.sinkmapper.TextCustomSinkMapperTestCase</td>
<td></td>
<td>0</td>
<td>org.wso2.extension.siddhi.map.text.sinkmapper.TextCustomSinkMapperTestCase@7186333e</td></tr>
<tr>
<td title='org.wso2.extension.siddhi.map.text.sinkmapper.TextDefaultSinkMapperTestCase.testTextSinkMapperDefaultEventGrouping()'><b>testTextSinkMapperDefaultEventGrouping</b><br>Test class: org.wso2.extension.siddhi.map.text.sinkmapper.TextDefaultSinkMapperTestCase</td>
<td></td>
<td>0</td>
<td>org.wso2.extension.siddhi.map.text.sinkmapper.TextDefaultSinkMapperTestCase@35ff8fc9</td></tr>
<tr>
<td title='org.wso2.extension.siddhi.map.text.sinkmapper.TextDefaultSinkMapperTestCase.testTextSinkMapperDefaultEventGroupingTrue()'><b>testTextSinkMapperDefaultEventGroupingTrue</b><br>Test class: org.wso2.extension.siddhi.map.text.sinkmapper.TextDefaultSinkMapperTestCase</td>
<td></td>
<td>0</td>
<td>org.wso2.extension.siddhi.map.text.sinkmapper.TextDefaultSinkMapperTestCase@35ff8fc9</td></tr>
<tr>
<td title='org.wso2.extension.siddhi.map.text.sinkmapper.TextCustomSinkMapperTestCase.testTextSinkMapperEventGroupCustomDelimiter()'><b>testTextSinkMapperEventGroupCustomDelimiter</b><br>Test class: org.wso2.extension.siddhi.map.text.sinkmapper.TextCustomSinkMapperTestCase</td>
<td></td>
<td>0</td>
<td>org.wso2.extension.siddhi.map.text.sinkmapper.TextCustomSinkMapperTestCase@7186333e</td></tr>
<tr>
<td title='org.wso2.extension.siddhi.map.text.sinkmapper.TextCustomSinkMapperTestCase.testTextSinkMapperEventGroupDefaultDelimiter()'><b>testTextSinkMapperEventGroupDefaultDelimiter</b><br>Test class: org.wso2.extension.siddhi.map.text.sinkmapper.TextCustomSinkMapperTestCase</td>
<td></td>
<td>8</td>
<td>org.wso2.extension.siddhi.map.text.sinkmapper.TextCustomSinkMapperTestCase@7186333e</td></tr>
<tr>
<td title='org.wso2.extension.siddhi.map.text.sinkmapper.TextDefaultSinkMapperTestCase.testTextSinkMapperEventGroupHTTP()'><b>testTextSinkMapperEventGroupHTTP</b><br>Test class: org.wso2.extension.siddhi.map.text.sinkmapper.TextDefaultSinkMapperTestCase</td>
<td></td>
<td>1</td>
<td>org.wso2.extension.siddhi.map.text.sinkmapper.TextDefaultSinkMapperTestCase@35ff8fc9</td></tr>
<tr>
<td title='org.wso2.extension.siddhi.map.text.sinkmapper.TextCustomSinkMapperTestCase.testTextSinkMapperEventGroupSingleEvent()'><b>testTextSinkMapperEventGroupSingleEvent</b><br>Test class: org.wso2.extension.siddhi.map.text.sinkmapper.TextCustomSinkMapperTestCase</td>
<td></td>
<td>0</td>
<td>org.wso2.extension.siddhi.map.text.sinkmapper.TextCustomSinkMapperTestCase@7186333e</td></tr>
<tr>
<td title='org.wso2.extension.siddhi.map.text.sinkmapper.TextCustomSinkMapperTestCase.testTextSinkMapperNewLineCharacter()'><b>testTextSinkMapperNewLineCharacter</b><br>Test class: org.wso2.extension.siddhi.map.text.sinkmapper.TextCustomSinkMapperTestCase</td>
<td></td>
<td>0</td>
<td>org.wso2.extension.siddhi.map.text.sinkmapper.TextCustomSinkMapperTestCase@7186333e</td></tr>
<tr>
<td title='org.wso2.extension.siddhi.map.text.sinkmapper.TextCustomSinkMapperTestCase.testTextSinkMapperNewLineCharacterWrong()'><b>testTextSinkMapperNewLineCharacterWrong</b><br>Test class: org.wso2.extension.siddhi.map.text.sinkmapper.TextCustomSinkMapperTestCase</td>
<td></td>
<td>0</td>
<td>org.wso2.extension.siddhi.map.text.sinkmapper.TextCustomSinkMapperTestCase@7186333e</td></tr>
<tr>
<td title='org.wso2.extension.siddhi.map.text.sinkmapper.TextCustomSinkMapperTestCase.testTextSinkMapperNotEventGroupWithCustomDelimiter()'><b>testTextSinkMapperNotEventGroupWithCustomDelimiter</b><br>Test class: org.wso2.extension.siddhi.map.text.sinkmapper.TextCustomSinkMapperTestCase</td>
<td></td>
<td>0</td>
<td>org.wso2.extension.siddhi.map.text.sinkmapper.TextCustomSinkMapperTestCase@7186333e</td></tr>
<tr>
<td title='org.wso2.extension.siddhi.map.text.sinkmapper.TextCustomSinkMapperTestCase.testTextSinkMapperWithoutPayload()'><b>testTextSinkMapperWithoutPayload</b><br>Test class: org.wso2.extension.siddhi.map.text.sinkmapper.TextCustomSinkMapperTestCase</td>
<td></td>
<td>0</td>
<td>org.wso2.extension.siddhi.map.text.sinkmapper.TextCustomSinkMapperTestCase@7186333e</td></tr>
<tr>
<td title='org.wso2.extension.siddhi.map.text.sinkmapper.TextCustomSinkMapperTestCase.testTextSinkWrongMapping()'><b>testTextSinkWrongMapping</b><br>Test class: org.wso2.extension.siddhi.map.text.sinkmapper.TextCustomSinkMapperTestCase</td>
<td><div><pre>org.wso2.siddhi.core.exception.SiddhiAppCreationException: Error on &apos;TestSiddhiApp&apos; @ Line: 1. Position: 202, near &apos;@sink(type=&apos;inMemory&apos;, topic=&apos;{{symbol}}&apos;, @map(type=&apos;text&apos;, @payload(&quot;Stock price of {{id}} is {{price}}&quot;)))&apos;. Attribute : {{id}} does not exist in @sink( type = &quot;inMemory&quot;, topic = &quot;{{symbol}}&quot;, @map( type = &quot;text&quot;, @payload( &quot;Stock price of {{id}} is {{price}}&quot;)))define stream BarStream (symbol string, price float, volume long).
	at org.wso2.siddhi.core.util.ExceptionUtil.populateQueryContext(ExceptionUtil.java:43)
	at org.wso2.siddhi.core.util.parser.helper.DefinitionParserHelper.addEventSink(DefinitionParserHelper.java:550)
	at org.wso2.siddhi.core.util.SiddhiAppRuntimeBuilder.defineStream(SiddhiAppRuntimeBuilder.java:115)
	at org.wso2.siddhi.core.util.parser.SiddhiAppParser.defineStreamDefinitions(SiddhiAppParser.java:318)
	at org.wso2.siddhi.core.util.parser.SiddhiAppParser.parse(SiddhiAppParser.java:225)
	at org.wso2.siddhi.core.SiddhiManager.createSiddhiAppRuntime(SiddhiManager.java:65)
	at org.wso2.siddhi.core.SiddhiManager.createSiddhiAppRuntime(SiddhiManager.java:74)
	at org.wso2.extension.siddhi.map.text.sinkmapper.TextCustomSinkMapperTestCase.testTextSinkWrongMapping(TextCustomSinkMapperTestCase.java:478)
	at org.apache.maven.surefire.testng.TestNGExecutor.run(TestNGExecutor.java:281)
	at org.apache.maven.surefire.testng.TestNGXmlTestSuite.execute(TestNGXmlTestSuite.java:75)
	at org.apache.maven.surefire.testng.TestNGProvider.invoke(TestNGProvider.java:121)
	at org.apache.maven.surefire.booter.ForkedBooter.invokeProviderInSameClassLoader(ForkedBooter.java:290)
	at org.apache.maven.surefire.booter.ForkedBooter.runSuitesInProcess(ForkedBooter.java:242)
	at org.apache.maven.surefire.booter.ForkedBooter.main(ForkedBooter.java:121)
Caused by: org.wso2.siddhi.core.exception.NoSuchAttributeException: Attribute : {{id}} does not exist in @sink( type = &quot;inMemory&quot;, topic = &quot;{{symbol}}&quot;, @map( type = &quot;text&quot;, @payload( &quot;Stock price of {{id}} is {{price}}&quot;)))define stream BarStream (symbol string, price float, volume long).
	at org.wso2.siddhi.core.util.transport.TemplateBuilder.parseTextMessage(TemplateBuilder.java:108)
	at org.wso2.siddhi.core.util.transport.TemplateBuilder.parse(TemplateBuilder.java:93)
	at org.wso2.siddhi.core.util.transport.TemplateBuilder.&lt;init&gt;(TemplateBuilder.java:44)
	at org.wso2.siddhi.core.stream.output.sink.SinkMapper.init(SinkMapper.java:70)
	at org.wso2.siddhi.core.stream.output.sink.Sink.init(Sink.java:92)
	at org.wso2.siddhi.core.util.parser.helper.DefinitionParserHelper.addEventSink(DefinitionParserHelper.java:546)
	... 33 more
... Removed 21 stack frames</pre></div><a href='#' onClick='toggleBox("stack-trace1350093046", this, "Click to show all stack frames", "Click to hide stack frames")'>Click to show all stack frames</a>
<div class='stack-trace' id='stack-trace1350093046'><pre>org.wso2.siddhi.core.exception.SiddhiAppCreationException: Error on &apos;TestSiddhiApp&apos; @ Line: 1. Position: 202, near &apos;@sink(type=&apos;inMemory&apos;, topic=&apos;{{symbol}}&apos;, @map(type=&apos;text&apos;, @payload(&quot;Stock price of {{id}} is {{price}}&quot;)))&apos;. Attribute : {{id}} does not exist in @sink( type = &quot;inMemory&quot;, topic = &quot;{{symbol}}&quot;, @map( type = &quot;text&quot;, @payload( &quot;Stock price of {{id}} is {{price}}&quot;)))define stream BarStream (symbol string, price float, volume long).
	at org.wso2.siddhi.core.util.ExceptionUtil.populateQueryContext(ExceptionUtil.java:43)
	at org.wso2.siddhi.core.util.parser.helper.DefinitionParserHelper.addEventSink(DefinitionParserHelper.java:550)
	at org.wso2.siddhi.core.util.SiddhiAppRuntimeBuilder.defineStream(SiddhiAppRuntimeBuilder.java:115)
	at org.wso2.siddhi.core.util.parser.SiddhiAppParser.defineStreamDefinitions(SiddhiAppParser.java:318)
	at org.wso2.siddhi.core.util.parser.SiddhiAppParser.parse(SiddhiAppParser.java:225)
	at org.wso2.siddhi.core.SiddhiManager.createSiddhiAppRuntime(SiddhiManager.java:65)
	at org.wso2.siddhi.core.SiddhiManager.createSiddhiAppRuntime(SiddhiManager.java:74)
	at org.wso2.extension.siddhi.map.text.sinkmapper.TextCustomSinkMapperTestCase.testTextSinkWrongMapping(TextCustomSinkMapperTestCase.java:478)
	at sun.reflect.NativeMethodAccessorImpl.invoke0(Native Method)
	at sun.reflect.NativeMethodAccessorImpl.invoke(NativeMethodAccessorImpl.java:62)
	at sun.reflect.DelegatingMethodAccessorImpl.invoke(DelegatingMethodAccessorImpl.java:43)
	at java.lang.reflect.Method.invoke(Method.java:498)
	at org.testng.internal.MethodInvocationHelper.invokeMethod(MethodInvocationHelper.java:80)
	at org.testng.internal.Invoker.invokeMethod(Invoker.java:714)
	at org.testng.internal.Invoker.invokeTestMethod(Invoker.java:901)
	at org.testng.internal.Invoker.invokeTestMethods(Invoker.java:1231)
	at org.testng.internal.TestMethodWorker.invokeTestMethods(TestMethodWorker.java:127)
	at org.testng.internal.TestMethodWorker.run(TestMethodWorker.java:111)
	at org.testng.TestRunner.privateRun(TestRunner.java:767)
	at org.testng.TestRunner.run(TestRunner.java:617)
	at org.testng.SuiteRunner.runTest(SuiteRunner.java:334)
	at org.testng.SuiteRunner.runSequentially(SuiteRunner.java:329)
	at org.testng.SuiteRunner.privateRun(SuiteRunner.java:291)
	at org.testng.SuiteRunner.run(SuiteRunner.java:240)
	at org.testng.SuiteRunnerWorker.runSuite(SuiteRunnerWorker.java:52)
	at org.testng.SuiteRunnerWorker.run(SuiteRunnerWorker.java:86)
	at org.testng.TestNG.runSuitesSequentially(TestNG.java:1198)
	at org.testng.TestNG.runSuitesLocally(TestNG.java:1123)
	at org.testng.TestNG.run(TestNG.java:1031)
	at org.apache.maven.surefire.testng.TestNGExecutor.run(TestNGExecutor.java:281)
	at org.apache.maven.surefire.testng.TestNGXmlTestSuite.execute(TestNGXmlTestSuite.java:75)
	at org.apache.maven.surefire.testng.TestNGProvider.invoke(TestNGProvider.java:121)
	at org.apache.maven.surefire.booter.ForkedBooter.invokeProviderInSameClassLoader(ForkedBooter.java:290)
	at org.apache.maven.surefire.booter.ForkedBooter.runSuitesInProcess(ForkedBooter.java:242)
	at org.apache.maven.surefire.booter.ForkedBooter.main(ForkedBooter.java:121)
Caused by: org.wso2.siddhi.core.exception.NoSuchAttributeException: Attribute : {{id}} does not exist in @sink( type = &quot;inMemory&quot;, topic = &quot;{{symbol}}&quot;, @map( type = &quot;text&quot;, @payload( &quot;Stock price of {{id}} is {{price}}&quot;)))define stream BarStream (symbol string, price float, volume long).
	at org.wso2.siddhi.core.util.transport.TemplateBuilder.parseTextMessage(TemplateBuilder.java:108)
	at org.wso2.siddhi.core.util.transport.TemplateBuilder.parse(TemplateBuilder.java:93)
	at org.wso2.siddhi.core.util.transport.TemplateBuilder.&lt;init&gt;(TemplateBuilder.java:44)
	at org.wso2.siddhi.core.stream.output.sink.SinkMapper.init(SinkMapper.java:70)
	at org.wso2.siddhi.core.stream.output.sink.Sink.init(Sink.java:92)
	at org.wso2.siddhi.core.util.parser.helper.DefinitionParserHelper.addEventSink(DefinitionParserHelper.java:546)
	... 33 more
</pre></div></td>
<td>0</td>
<td>org.wso2.extension.siddhi.map.text.sinkmapper.TextCustomSinkMapperTestCase@7186333e</td></tr>
</table><p>
</body>
</html>