<?xml version="1.0" encoding="UTF-8"?>
<!-- Generated by org.testng.reporters.JUnitXMLReporter -->
<testsuite hostname="mayuravaani-ThinkPad-T530" name="Siddhi-map-text-tests" tests="25" failures="5" timestamp="19 Mar 2019 06:31:35 GMT" time="81.68" errors="0">
  <testcase name="fileSinkTestGroup" time="2.449" classname="org.wso2.extension.siddhi.map.text.sinkmapper.TextDefaultSinkMapperTestCase"/>
  <testcase name="fileSinkTestNewLineCharacter" time="1.136" classname="org.wso2.extension.siddhi.map.text.sinkmapper.TextDefaultSinkMapperTestCase"/>
  <testcase name="fileSinkTestSingle" time="1.143" classname="org.wso2.extension.siddhi.map.text.sinkmapper.TextDefaultSinkMapperTestCase"/>
  <testcase name="testHTTPTextMappingText" time="1.937" classname="org.wso2.extension.siddhi.map.text.sinkmapper.TextDefaultSinkMapperTestCase"/>
  <testcase name="testTextSinkMapperDefaultEventGrouping" time="0.031" classname="org.wso2.extension.siddhi.map.text.sinkmapper.TextDefaultSinkMapperTestCase"/>
  <testcase name="testTextSinkMapperDefaultEventGroupingTrue" time="0.023" classname="org.wso2.extension.siddhi.map.text.sinkmapper.TextDefaultSinkMapperTestCase"/>
  <testcase name="testTextSinkMapperEventGroupCustomDelimiter" time="0.028" classname="org.wso2.extension.siddhi.map.text.sinkmapper.TextDefaultSinkMapperTestCase">
    <failure type="java.lang.AssertionError" message="expected [100000] but found [1]">
      <![CDATA[java.lang.AssertionError: expected [100000] but found [1]
	at org.wso2.extension.siddhi.map.text.sinkmapper.TextDefaultSinkMapperTestCase.testTextSinkMapperEventGroupCustomDelimiter(TextDefaultSinkMapperTestCase.java:416)
	at org.apache.maven.surefire.testng.TestNGExecutor.run(TestNGExecutor.java:281)
	at org.apache.maven.surefire.testng.TestNGXmlTestSuite.execute(TestNGXmlTestSuite.java:75)
	at org.apache.maven.surefire.testng.TestNGProvider.invoke(TestNGProvider.java:121)
	at org.apache.maven.surefire.booter.ForkedBooter.invokeProviderInSameClassLoader(ForkedBooter.java:290)
	at org.apache.maven.surefire.booter.ForkedBooter.runSuitesInProcess(ForkedBooter.java:242)
	at org.apache.maven.surefire.booter.ForkedBooter.main(ForkedBooter.java:121)
... Removed 26 stack frames]]>
    </failure>
  </testcase> <!-- testTextSinkMapperEventGroupCustomDelimiter -->
  <testcase name="testTextSinkMapperEventGroupDefaultDecimeter" time="60.079" classname="org.wso2.extension.siddhi.map.text.sinkmapper.TextDefaultSinkMapperTestCase">
    <failure type="java.lang.AssertionError" message="expected [1] but found [0]">
      <![CDATA[java.lang.AssertionError: expected [1] but found [0]
	at org.wso2.extension.siddhi.map.text.sinkmapper.TextDefaultSinkMapperTestCase.testTextSinkMapperEventGroupDefaultDecimeter(TextDefaultSinkMapperTestCase.java:340)
	at org.apache.maven.surefire.testng.TestNGExecutor.run(TestNGExecutor.java:281)
	at org.apache.maven.surefire.testng.TestNGXmlTestSuite.execute(TestNGXmlTestSuite.java:75)
	at org.apache.maven.surefire.testng.TestNGProvider.invoke(TestNGProvider.java:121)
	at org.apache.maven.surefire.booter.ForkedBooter.invokeProviderInSameClassLoader(ForkedBooter.java:290)
	at org.apache.maven.surefire.booter.ForkedBooter.runSuitesInProcess(ForkedBooter.java:242)
	at org.apache.maven.surefire.booter.ForkedBooter.main(ForkedBooter.java:121)
... Removed 26 stack frames]]>
    </failure>
  </testcase> <!-- testTextSinkMapperEventGroupDefaultDecimeter -->
  <testcase name="testTextSinkMapperEventGroupHTTP" time="1.071" classname="org.wso2.extension.siddhi.map.text.sinkmapper.TextDefaultSinkMapperTestCase"/>
  <testcase name="testTextSinkMapperEventGroupSingleEvent" time="0.026" classname="org.wso2.extension.siddhi.map.text.sinkmapper.TextDefaultSinkMapperTestCase">
    <failure type="java.lang.AssertionError" message="expected [1] but found [3]">
      <![CDATA[java.lang.AssertionError: expected [1] but found [3]
	at org.wso2.extension.siddhi.map.text.sinkmapper.TextDefaultSinkMapperTestCase.testTextSinkMapperEventGroupSingleEvent(TextDefaultSinkMapperTestCase.java:544)
	at org.apache.maven.surefire.testng.TestNGExecutor.run(TestNGExecutor.java:281)
	at org.apache.maven.surefire.testng.TestNGXmlTestSuite.execute(TestNGXmlTestSuite.java:75)
	at org.apache.maven.surefire.testng.TestNGProvider.invoke(TestNGProvider.java:121)
	at org.apache.maven.surefire.booter.ForkedBooter.invokeProviderInSameClassLoader(ForkedBooter.java:290)
	at org.apache.maven.surefire.booter.ForkedBooter.runSuitesInProcess(ForkedBooter.java:242)
	at org.apache.maven.surefire.booter.ForkedBooter.main(ForkedBooter.java:121)
... Removed 26 stack frames]]>
    </failure>
  </testcase> <!-- testTextSinkMapperEventGroupSingleEvent -->
  <testcase name="testTextSinkMapperNewLineCharacter" time="0.018" classname="org.wso2.extension.siddhi.map.text.sinkmapper.TextDefaultSinkMapperTestCase">
    <failure type="java.lang.AssertionError" message="expected [1] but found [4]">
      <![CDATA[java.lang.AssertionError: expected [1] but found [4]
	at org.wso2.extension.siddhi.map.text.sinkmapper.TextDefaultSinkMapperTestCase.testTextSinkMapperNewLineCharacter(TextDefaultSinkMapperTestCase.java:481)
	at org.apache.maven.surefire.testng.TestNGExecutor.run(TestNGExecutor.java:281)
	at org.apache.maven.surefire.testng.TestNGXmlTestSuite.execute(TestNGXmlTestSuite.java:75)
	at org.apache.maven.surefire.testng.TestNGProvider.invoke(TestNGProvider.java:121)
	at org.apache.maven.surefire.booter.ForkedBooter.invokeProviderInSameClassLoader(ForkedBooter.java:290)
	at org.apache.maven.surefire.booter.ForkedBooter.runSuitesInProcess(ForkedBooter.java:242)
	at org.apache.maven.surefire.booter.ForkedBooter.main(ForkedBooter.java:121)
... Removed 26 stack frames]]>
    </failure>
  </testcase> <!-- testTextSinkMapperNewLineCharacter -->
  <testcase name="testTextSinkMapperWithDefaultMapping" time="1.013" classname="org.wso2.extension.siddhi.map.text.sinkmapper.TextDefaultSinkMapperTestCase">
    <failure type="java.lang.AssertionError" message="expected [2] but found [10]">
      <![CDATA[java.lang.AssertionError: expected [2] but found [10]
	at org.wso2.extension.siddhi.map.text.sinkmapper.TextDefaultSinkMapperTestCase.testTextSinkMapperWithDefaultMapping(TextDefaultSinkMapperTestCase.java:144)
	at org.apache.maven.surefire.testng.TestNGExecutor.run(TestNGExecutor.java:281)
	at org.apache.maven.surefire.testng.TestNGXmlTestSuite.execute(TestNGXmlTestSuite.java:75)
	at org.apache.maven.surefire.testng.TestNGProvider.invoke(TestNGProvider.java:121)
	at org.apache.maven.surefire.booter.ForkedBooter.invokeProviderInSameClassLoader(ForkedBooter.java:290)
	at org.apache.maven.surefire.booter.ForkedBooter.runSuitesInProcess(ForkedBooter.java:242)
	at org.apache.maven.surefire.booter.ForkedBooter.main(ForkedBooter.java:121)
... Removed 26 stack frames]]>
    </failure>
  </testcase> <!-- testTextSinkMapperWithDefaultMapping -->
  <testcase name="fileSinkTest" time="1.129" classname="org.wso2.extension.siddhi.map.text.sinkmapper.TextCustomSinkMapperTestCase"/>
  <testcase name="fileSinkTestGroup" time="1.127" classname="org.wso2.extension.siddhi.map.text.sinkmapper.TextCustomSinkMapperTestCase"/>
  <testcase name="testHTTPTextMappingText" time="1.034" classname="org.wso2.extension.siddhi.map.text.sinkmapper.TextCustomSinkMapperTestCase"/>
  <testcase name="testHTTPTextMappingTextMultiple" time="1.062" classname="org.wso2.extension.siddhi.map.text.sinkmapper.TextCustomSinkMapperTestCase"/>
  <testcase name="testTextSinkCustomMapping" time="0.02" classname="org.wso2.extension.siddhi.map.text.sinkmapper.TextCustomSinkMapperTestCase"/>
  <testcase name="testTextSinkMapperEventGroupCustomDelimiter" time="0.017" classname="org.wso2.extension.siddhi.map.text.sinkmapper.TextCustomSinkMapperTestCase"/>
  <testcase name="testTextSinkMapperEventGroupDefaultDelimiter" time="8.201" classname="org.wso2.extension.siddhi.map.text.sinkmapper.TextCustomSinkMapperTestCase"/>
  <testcase name="testTextSinkMapperEventGroupSingleEvent" time="0.009" classname="org.wso2.extension.siddhi.map.text.sinkmapper.TextCustomSinkMapperTestCase"/>
  <testcase name="testTextSinkMapperNewLineCharacter" time="0.009" classname="org.wso2.extension.siddhi.map.text.sinkmapper.TextCustomSinkMapperTestCase"/>
  <testcase name="testTextSinkMapperNewLineCharacterWrong" time="0.008" classname="org.wso2.extension.siddhi.map.text.sinkmapper.TextCustomSinkMapperTestCase"/>
  <testcase name="testTextSinkMapperNotEventGroupWithCustomDelimiter" time="0.011" classname="org.wso2.extension.siddhi.map.text.sinkmapper.TextCustomSinkMapperTestCase"/>
  <testcase name="testTextSinkMapperWithoutPayload" time="0.015" classname="org.wso2.extension.siddhi.map.text.sinkmapper.TextCustomSinkMapperTestCase"/>
  <testcase name="testTextSinkWrongMapping" time="0.01" classname="org.wso2.extension.siddhi.map.text.sinkmapper.TextCustomSinkMapperTestCase"/>
</testsuite> <!-- Siddhi-map-text-tests -->
