<?xml version="1.0" encoding="UTF-8"?>
<testng-results skipped="0" failed="5" total="25" passed="20">
  <reporter-output>
  </reporter-output>
  <suite name="Siddhi-Map-Text-Test-Suite" duration-ms="81680" started-at="2019-03-19T06:30:13Z" finished-at="2019-03-19T06:31:34Z">
    <groups>
    </groups>
    <test name="Siddhi-map-text-tests" duration-ms="81680" started-at="2019-03-19T06:30:13Z" finished-at="2019-03-19T06:31:34Z">
      <class name="org.wso2.extension.siddhi.map.text.sinkmapper.TextCustomSinkMapperTestCase">
        <test-method status="PASS" signature="init()[pri:0, instance:org.wso2.extension.siddhi.map.text.sinkmapper.TextCustomSinkMapperTestCase@7186333e]" name="init" is-config="true" duration-ms="0" started-at="2019-03-19T12:01:22Z" finished-at="2019-03-19T12:01:22Z">
          <reporter-output>
          </reporter-output>
        </test-method> <!-- init -->
        <test-method status="PASS" signature="fileSinkTest()[pri:0, instance:org.wso2.extension.siddhi.map.text.sinkmapper.TextCustomSinkMapperTestCase@7186333e]" name="fileSinkTest" duration-ms="1129" started-at="2019-03-19T12:01:22Z" finished-at="2019-03-19T12:01:23Z">
          <reporter-output>
          </reporter-output>
        </test-method> <!-- fileSinkTest -->
        <test-method status="PASS" signature="fileSinkTestGroup()[pri:0, instance:org.wso2.extension.siddhi.map.text.sinkmapper.TextCustomSinkMapperTestCase@7186333e]" name="fileSinkTestGroup" duration-ms="1127" started-at="2019-03-19T12:01:23Z" finished-at="2019-03-19T12:01:24Z">
          <reporter-output>
          </reporter-output>
        </test-method> <!-- fileSinkTestGroup -->
        <test-method status="PASS" signature="init()[pri:0, instance:org.wso2.extension.siddhi.map.text.sinkmapper.TextCustomSinkMapperTestCase@7186333e]" name="init" is-config="true" duration-ms="0" started-at="2019-03-19T12:01:23Z" finished-at="2019-03-19T12:01:23Z">
          <reporter-output>
          </reporter-output>
        </test-method> <!-- init -->
        <test-method status="PASS" signature="init()[pri:0, instance:org.wso2.extension.siddhi.map.text.sinkmapper.TextCustomSinkMapperTestCase@7186333e]" name="init" is-config="true" duration-ms="0" started-at="2019-03-19T12:01:24Z" finished-at="2019-03-19T12:01:24Z">
          <reporter-output>
          </reporter-output>
        </test-method> <!-- init -->
        <test-method status="PASS" signature="testHTTPTextMappingText()[pri:0, instance:org.wso2.extension.siddhi.map.text.sinkmapper.TextCustomSinkMapperTestCase@7186333e]" name="testHTTPTextMappingText" duration-ms="1034" started-at="2019-03-19T12:01:24Z" finished-at="2019-03-19T12:01:25Z">
          <reporter-output>
          </reporter-output>
        </test-method> <!-- testHTTPTextMappingText -->
        <test-method status="PASS" signature="testHTTPTextMappingTextMultiple()[pri:0, instance:org.wso2.extension.siddhi.map.text.sinkmapper.TextCustomSinkMapperTestCase@7186333e]" name="testHTTPTextMappingTextMultiple" duration-ms="1062" started-at="2019-03-19T12:01:25Z" finished-at="2019-03-19T12:01:26Z">
          <reporter-output>
          </reporter-output>
        </test-method> <!-- testHTTPTextMappingTextMultiple -->
        <test-method status="PASS" signature="init()[pri:0, instance:org.wso2.extension.siddhi.map.text.sinkmapper.TextCustomSinkMapperTestCase@7186333e]" name="init" is-config="true" duration-ms="0" started-at="2019-03-19T12:01:25Z" finished-at="2019-03-19T12:01:25Z">
          <reporter-output>
          </reporter-output>
        </test-method> <!-- init -->
        <test-method status="PASS" signature="testTextSinkCustomMapping()[pri:0, instance:org.wso2.extension.siddhi.map.text.sinkmapper.TextCustomSinkMapperTestCase@7186333e]" name="testTextSinkCustomMapping" duration-ms="20" started-at="2019-03-19T12:01:26Z" finished-at="2019-03-19T12:01:26Z">
          <reporter-output>
          </reporter-output>
        </test-method> <!-- testTextSinkCustomMapping -->
        <test-method status="PASS" signature="init()[pri:0, instance:org.wso2.extension.siddhi.map.text.sinkmapper.TextCustomSinkMapperTestCase@7186333e]" name="init" is-config="true" duration-ms="0" started-at="2019-03-19T12:01:26Z" finished-at="2019-03-19T12:01:26Z">
          <reporter-output>
          </reporter-output>
        </test-method> <!-- init -->
        <test-method status="PASS" signature="init()[pri:0, instance:org.wso2.extension.siddhi.map.text.sinkmapper.TextCustomSinkMapperTestCase@7186333e]" name="init" is-config="true" duration-ms="0" started-at="2019-03-19T12:01:26Z" finished-at="2019-03-19T12:01:26Z">
          <reporter-output>
          </reporter-output>
        </test-method> <!-- init -->
        <test-method status="PASS" signature="testTextSinkMapperEventGroupCustomDelimiter()[pri:0, instance:org.wso2.extension.siddhi.map.text.sinkmapper.TextCustomSinkMapperTestCase@7186333e]" name="testTextSinkMapperEventGroupCustomDelimiter" duration-ms="17" started-at="2019-03-19T12:01:26Z" finished-at="2019-03-19T12:01:26Z">
          <reporter-output>
          </reporter-output>
        </test-method> <!-- testTextSinkMapperEventGroupCustomDelimiter -->
        <test-method status="PASS" signature="testTextSinkMapperEventGroupDefaultDelimiter()[pri:0, instance:org.wso2.extension.siddhi.map.text.sinkmapper.TextCustomSinkMapperTestCase@7186333e]" name="testTextSinkMapperEventGroupDefaultDelimiter" duration-ms="8201" started-at="2019-03-19T12:01:26Z" finished-at="2019-03-19T12:01:34Z">
          <reporter-output>
          </reporter-output>
        </test-method> <!-- testTextSinkMapperEventGroupDefaultDelimiter -->
        <test-method status="PASS" signature="init()[pri:0, instance:org.wso2.extension.siddhi.map.text.sinkmapper.TextCustomSinkMapperTestCase@7186333e]" name="init" is-config="true" duration-ms="0" started-at="2019-03-19T12:01:26Z" finished-at="2019-03-19T12:01:26Z">
          <reporter-output>
          </reporter-output>
        </test-method> <!-- init -->
        <test-method status="PASS" signature="testTextSinkMapperEventGroupSingleEvent()[pri:0, instance:org.wso2.extension.siddhi.map.text.sinkmapper.TextCustomSinkMapperTestCase@7186333e]" name="testTextSinkMapperEventGroupSingleEvent" duration-ms="9" started-at="2019-03-19T12:01:34Z" finished-at="2019-03-19T12:01:34Z">
          <reporter-output>
          </reporter-output>
        </test-method> <!-- testTextSinkMapperEventGroupSingleEvent -->
        <test-method status="PASS" signature="init()[pri:0, instance:org.wso2.extension.siddhi.map.text.sinkmapper.TextCustomSinkMapperTestCase@7186333e]" name="init" is-config="true" duration-ms="0" started-at="2019-03-19T12:01:34Z" finished-at="2019-03-19T12:01:34Z">
          <reporter-output>
          </reporter-output>
        </test-method> <!-- init -->
        <test-method status="PASS" signature="testTextSinkMapperNewLineCharacter()[pri:0, instance:org.wso2.extension.siddhi.map.text.sinkmapper.TextCustomSinkMapperTestCase@7186333e]" name="testTextSinkMapperNewLineCharacter" duration-ms="9" started-at="2019-03-19T12:01:34Z" finished-at="2019-03-19T12:01:34Z">
          <reporter-output>
          </reporter-output>
        </test-method> <!-- testTextSinkMapperNewLineCharacter -->
        <test-method status="PASS" signature="init()[pri:0, instance:org.wso2.extension.siddhi.map.text.sinkmapper.TextCustomSinkMapperTestCase@7186333e]" name="init" is-config="true" duration-ms="0" started-at="2019-03-19T12:01:34Z" finished-at="2019-03-19T12:01:34Z">
          <reporter-output>
          </reporter-output>
        </test-method> <!-- init -->
        <test-method status="PASS" signature="init()[pri:0, instance:org.wso2.extension.siddhi.map.text.sinkmapper.TextCustomSinkMapperTestCase@7186333e]" name="init" is-config="true" duration-ms="0" started-at="2019-03-19T12:01:34Z" finished-at="2019-03-19T12:01:34Z">
          <reporter-output>
          </reporter-output>
        </test-method> <!-- init -->
        <test-method status="PASS" signature="testTextSinkMapperNewLineCharacterWrong()[pri:0, instance:org.wso2.extension.siddhi.map.text.sinkmapper.TextCustomSinkMapperTestCase@7186333e]" name="testTextSinkMapperNewLineCharacterWrong" duration-ms="8" started-at="2019-03-19T12:01:34Z" finished-at="2019-03-19T12:01:34Z">
          <reporter-output>
          </reporter-output>
        </test-method> <!-- testTextSinkMapperNewLineCharacterWrong -->
        <test-method status="PASS" signature="init()[pri:0, instance:org.wso2.extension.siddhi.map.text.sinkmapper.TextCustomSinkMapperTestCase@7186333e]" name="init" is-config="true" duration-ms="0" started-at="2019-03-19T12:01:34Z" finished-at="2019-03-19T12:01:34Z">
          <reporter-output>
          </reporter-output>
        </test-method> <!-- init -->
        <test-method status="PASS" signature="testTextSinkMapperNotEventGroupWithCustomDelimiter()[pri:0, instance:org.wso2.extension.siddhi.map.text.sinkmapper.TextCustomSinkMapperTestCase@7186333e]" name="testTextSinkMapperNotEventGroupWithCustomDelimiter" duration-ms="11" started-at="2019-03-19T12:01:34Z" finished-at="2019-03-19T12:01:34Z">
          <reporter-output>
          </reporter-output>
        </test-method> <!-- testTextSinkMapperNotEventGroupWithCustomDelimiter -->
        <test-method status="PASS" signature="testTextSinkMapperWithoutPayload()[pri:0, instance:org.wso2.extension.siddhi.map.text.sinkmapper.TextCustomSinkMapperTestCase@7186333e]" name="testTextSinkMapperWithoutPayload" duration-ms="15" started-at="2019-03-19T12:01:34Z" finished-at="2019-03-19T12:01:34Z">
          <reporter-output>
          </reporter-output>
        </test-method> <!-- testTextSinkMapperWithoutPayload -->
        <test-method status="PASS" signature="init()[pri:0, instance:org.wso2.extension.siddhi.map.text.sinkmapper.TextCustomSinkMapperTestCase@7186333e]" name="init" is-config="true" duration-ms="0" started-at="2019-03-19T12:01:34Z" finished-at="2019-03-19T12:01:34Z">
          <reporter-output>
          </reporter-output>
        </test-method> <!-- init -->
        <test-method status="PASS" signature="testTextSinkWrongMapping()[pri:0, instance:org.wso2.extension.siddhi.map.text.sinkmapper.TextCustomSinkMapperTestCase@7186333e]" name="testTextSinkWrongMapping" duration-ms="10" started-at="2019-03-19T12:01:34Z" finished-at="2019-03-19T12:01:34Z">
          <exception class="org.wso2.siddhi.core.exception.SiddhiAppCreationException">
            <message>
              <![CDATA[Error on 'TestSiddhiApp' @ Line: 1. Position: 202, near '@sink(type='inMemory', topic='{{symbol}}', @map(type='text', @payload("Stock price of {{id}} is {{price}}")))'. Attribute : {{id}} does not exist in @sink( type = "inMemory", topic = "{{symbol}}", @map( type = "text", @payload( "Stock price of {{id}} is {{price}}")))define stream BarStream (symbol string, price float, volume long).]]>
            </message>
            <full-stacktrace>
              <![CDATA[org.wso2.siddhi.core.exception.SiddhiAppCreationException: Error on 'TestSiddhiApp' @ Line: 1. Position: 202, near '@sink(type='inMemory', topic='{{symbol}}', @map(type='text', @payload("Stock price of {{id}} is {{price}}")))'. Attribute : {{id}} does not exist in @sink( type = "inMemory", topic = "{{symbol}}", @map( type = "text", @payload( "Stock price of {{id}} is {{price}}")))define stream BarStream (symbol string, price float, volume long).
	at org.wso2.siddhi.core.util.ExceptionUtil.populateQueryContext(ExceptionUtil.java:43)
	at org.wso2.siddhi.core.util.parser.helper.DefinitionParserHelper.addEventSink(DefinitionParserHelper.java:550)
	at org.wso2.siddhi.core.util.SiddhiAppRuntimeBuilder.defineStream(SiddhiAppRuntimeBuilder.java:115)
	at org.wso2.siddhi.core.util.parser.SiddhiAppParser.defineStreamDefinitions(SiddhiAppParser.java:318)
	at org.wso2.siddhi.core.util.parser.SiddhiAppParser.parse(SiddhiAppParser.java:225)
	at org.wso2.siddhi.core.SiddhiManager.createSiddhiAppRuntime(SiddhiManager.java:65)
	at org.wso2.siddhi.core.SiddhiManager.createSiddhiAppRuntime(SiddhiManager.java:74)
	at org.wso2.extension.siddhi.map.text.sinkmapper.TextCustomSinkMapperTestCase.testTextSinkWrongMapping(TextCustomSinkMapperTestCase.java:478)
	at sun.reflect.NativeMethodAccessorImpl.invoke0(Native Method)
	at sun.reflect.NativeMethodAccessorImpl.invoke(NativeMethodAccessorImpl.java:62)
	at sun.reflect.DelegatingMethodAccessorImpl.invoke(DelegatingMethodAccessorImpl.java:43)
	at java.lang.reflect.Method.invoke(Method.java:498)
	at org.testng.internal.MethodInvocationHelper.invokeMethod(MethodInvocationHelper.java:80)
	at org.testng.internal.Invoker.invokeMethod(Invoker.java:714)
	at org.testng.internal.Invoker.invokeTestMethod(Invoker.java:901)
	at org.testng.internal.Invoker.invokeTestMethods(Invoker.java:1231)
	at org.testng.internal.TestMethodWorker.invokeTestMethods(TestMethodWorker.java:127)
	at org.testng.internal.TestMethodWorker.run(TestMethodWorker.java:111)
	at org.testng.TestRunner.privateRun(TestRunner.java:767)
	at org.testng.TestRunner.run(TestRunner.java:617)
	at org.testng.SuiteRunner.runTest(SuiteRunner.java:334)
	at org.testng.SuiteRunner.runSequentially(SuiteRunner.java:329)
	at org.testng.SuiteRunner.privateRun(SuiteRunner.java:291)
	at org.testng.SuiteRunner.run(SuiteRunner.java:240)
	at org.testng.SuiteRunnerWorker.runSuite(SuiteRunnerWorker.java:52)
	at org.testng.SuiteRunnerWorker.run(SuiteRunnerWorker.java:86)
	at org.testng.TestNG.runSuitesSequentially(TestNG.java:1198)
	at org.testng.TestNG.runSuitesLocally(TestNG.java:1123)
	at org.testng.TestNG.run(TestNG.java:1031)
	at org.apache.maven.surefire.testng.TestNGExecutor.run(TestNGExecutor.java:281)
	at org.apache.maven.surefire.testng.TestNGXmlTestSuite.execute(TestNGXmlTestSuite.java:75)
	at org.apache.maven.surefire.testng.TestNGProvider.invoke(TestNGProvider.java:121)
	at org.apache.maven.surefire.booter.ForkedBooter.invokeProviderInSameClassLoader(ForkedBooter.java:290)
	at org.apache.maven.surefire.booter.ForkedBooter.runSuitesInProcess(ForkedBooter.java:242)
	at org.apache.maven.surefire.booter.ForkedBooter.main(ForkedBooter.java:121)
Caused by: org.wso2.siddhi.core.exception.NoSuchAttributeException: Attribute : {{id}} does not exist in @sink( type = "inMemory", topic = "{{symbol}}", @map( type = "text", @payload( "Stock price of {{id}} is {{price}}")))define stream BarStream (symbol string, price float, volume long).
	at org.wso2.siddhi.core.util.transport.TemplateBuilder.parseTextMessage(TemplateBuilder.java:108)
	at org.wso2.siddhi.core.util.transport.TemplateBuilder.parse(TemplateBuilder.java:93)
	at org.wso2.siddhi.core.util.transport.TemplateBuilder.<init>(TemplateBuilder.java:44)
	at org.wso2.siddhi.core.stream.output.sink.SinkMapper.init(SinkMapper.java:70)
	at org.wso2.siddhi.core.stream.output.sink.Sink.init(Sink.java:92)
	at org.wso2.siddhi.core.util.parser.helper.DefinitionParserHelper.addEventSink(DefinitionParserHelper.java:546)
	... 33 more
]]>
            </full-stacktrace>
          </exception> <!-- org.wso2.siddhi.core.exception.SiddhiAppCreationException -->
          <reporter-output>
          </reporter-output>
        </test-method> <!-- testTextSinkWrongMapping -->
        <test-method status="PASS" signature="init()[pri:0, instance:org.wso2.extension.siddhi.map.text.sinkmapper.TextCustomSinkMapperTestCase@7186333e]" name="init" is-config="true" duration-ms="0" started-at="2019-03-19T12:01:34Z" finished-at="2019-03-19T12:01:34Z">
          <reporter-output>
          </reporter-output>
        </test-method> <!-- init -->
      </class> <!-- org.wso2.extension.siddhi.map.text.sinkmapper.TextCustomSinkMapperTestCase -->
      <class name="org.wso2.extension.siddhi.map.text.sinkmapper.TextDefaultSinkMapperTestCase">
        <test-method status="PASS" signature="init()[pri:0, instance:org.wso2.extension.siddhi.map.text.sinkmapper.TextDefaultSinkMapperTestCase@35ff8fc9]" name="init" is-config="true" duration-ms="10" started-at="2019-03-19T12:00:13Z" finished-at="2019-03-19T12:00:13Z">
          <reporter-output>
          </reporter-output>
        </test-method> <!-- init -->
        <test-method status="PASS" signature="fileSinkTestGroup()[pri:0, instance:org.wso2.extension.siddhi.map.text.sinkmapper.TextDefaultSinkMapperTestCase@35ff8fc9]" name="fileSinkTestGroup" duration-ms="2449" started-at="2019-03-19T12:00:13Z" finished-at="2019-03-19T12:00:15Z">
          <reporter-output>
          </reporter-output>
        </test-method> <!-- fileSinkTestGroup -->
        <test-method status="PASS" signature="init()[pri:0, instance:org.wso2.extension.siddhi.map.text.sinkmapper.TextDefaultSinkMapperTestCase@35ff8fc9]" name="init" is-config="true" duration-ms="0" started-at="2019-03-19T12:00:15Z" finished-at="2019-03-19T12:00:15Z">
          <reporter-output>
          </reporter-output>
        </test-method> <!-- init -->
        <test-method status="PASS" signature="fileSinkTestNewLineCharacter()[pri:0, instance:org.wso2.extension.siddhi.map.text.sinkmapper.TextDefaultSinkMapperTestCase@35ff8fc9]" name="fileSinkTestNewLineCharacter" duration-ms="1136" started-at="2019-03-19T12:00:15Z" finished-at="2019-03-19T12:00:16Z">
          <reporter-output>
          </reporter-output>
        </test-method> <!-- fileSinkTestNewLineCharacter -->
        <test-method status="PASS" signature="init()[pri:0, instance:org.wso2.extension.siddhi.map.text.sinkmapper.TextDefaultSinkMapperTestCase@35ff8fc9]" name="init" is-config="true" duration-ms="0" started-at="2019-03-19T12:00:16Z" finished-at="2019-03-19T12:00:16Z">
          <reporter-output>
          </reporter-output>
        </test-method> <!-- init -->
        <test-method status="PASS" signature="fileSinkTestSingle()[pri:0, instance:org.wso2.extension.siddhi.map.text.sinkmapper.TextDefaultSinkMapperTestCase@35ff8fc9]" name="fileSinkTestSingle" duration-ms="1143" started-at="2019-03-19T12:00:16Z" finished-at="2019-03-19T12:00:18Z">
          <reporter-output>
          </reporter-output>
        </test-method> <!-- fileSinkTestSingle -->
        <test-method status="PASS" signature="testHTTPTextMappingText()[pri:0, instance:org.wso2.extension.siddhi.map.text.sinkmapper.TextDefaultSinkMapperTestCase@35ff8fc9]" name="testHTTPTextMappingText" duration-ms="1937" started-at="2019-03-19T12:00:18Z" finished-at="2019-03-19T12:00:20Z">
          <reporter-output>
          </reporter-output>
        </test-method> <!-- testHTTPTextMappingText -->
        <test-method status="PASS" signature="init()[pri:0, instance:org.wso2.extension.siddhi.map.text.sinkmapper.TextDefaultSinkMapperTestCase@35ff8fc9]" name="init" is-config="true" duration-ms="0" started-at="2019-03-19T12:00:18Z" finished-at="2019-03-19T12:00:18Z">
          <reporter-output>
          </reporter-output>
        </test-method> <!-- init -->
        <test-method status="PASS" signature="init()[pri:0, instance:org.wso2.extension.siddhi.map.text.sinkmapper.TextDefaultSinkMapperTestCase@35ff8fc9]" name="init" is-config="true" duration-ms="1" started-at="2019-03-19T12:00:20Z" finished-at="2019-03-19T12:00:20Z">
          <reporter-output>
          </reporter-output>
        </test-method> <!-- init -->
        <test-method status="PASS" signature="testTextSinkMapperDefaultEventGrouping()[pri:0, instance:org.wso2.extension.siddhi.map.text.sinkmapper.TextDefaultSinkMapperTestCase@35ff8fc9]" name="testTextSinkMapperDefaultEventGrouping" duration-ms="31" started-at="2019-03-19T12:00:20Z" finished-at="2019-03-19T12:00:20Z">
          <reporter-output>
          </reporter-output>
        </test-method> <!-- testTextSinkMapperDefaultEventGrouping -->
        <test-method status="PASS" signature="init()[pri:0, instance:org.wso2.extension.siddhi.map.text.sinkmapper.TextDefaultSinkMapperTestCase@35ff8fc9]" name="init" is-config="true" duration-ms="1" started-at="2019-03-19T12:00:20Z" finished-at="2019-03-19T12:00:20Z">
          <reporter-output>
          </reporter-output>
        </test-method> <!-- init -->
        <test-method status="PASS" signature="testTextSinkMapperDefaultEventGroupingTrue()[pri:0, instance:org.wso2.extension.siddhi.map.text.sinkmapper.TextDefaultSinkMapperTestCase@35ff8fc9]" name="testTextSinkMapperDefaultEventGroupingTrue" duration-ms="23" started-at="2019-03-19T12:00:20Z" finished-at="2019-03-19T12:00:20Z">
          <reporter-output>
          </reporter-output>
        </test-method> <!-- testTextSinkMapperDefaultEventGroupingTrue -->
        <test-method status="PASS" signature="init()[pri:0, instance:org.wso2.extension.siddhi.map.text.sinkmapper.TextDefaultSinkMapperTestCase@35ff8fc9]" name="init" is-config="true" duration-ms="2" started-at="2019-03-19T12:00:20Z" finished-at="2019-03-19T12:00:20Z">
          <reporter-output>
          </reporter-output>
        </test-method> <!-- init -->
        <test-method status="FAIL" signature="testTextSinkMapperEventGroupCustomDelimiter()[pri:0, instance:org.wso2.extension.siddhi.map.text.sinkmapper.TextDefaultSinkMapperTestCase@35ff8fc9]" name="testTextSinkMapperEventGroupCustomDelimiter" duration-ms="28" started-at="2019-03-19T12:00:20Z" finished-at="2019-03-19T12:00:20Z">
          <exception class="java.lang.AssertionError">
            <message>
              <![CDATA[expected [100000] but found [1]]]>
            </message>
            <full-stacktrace>
              <![CDATA[java.lang.AssertionError: expected [100000] but found [1]
	at org.testng.Assert.fail(Assert.java:94)
	at org.testng.Assert.failNotEquals(Assert.java:494)
	at org.testng.Assert.assertEquals(Assert.java:123)
	at org.testng.Assert.assertEquals(Assert.java:370)
	at org.testng.Assert.assertEquals(Assert.java:380)
	at org.wso2.extension.siddhi.map.text.sinkmapper.TextDefaultSinkMapperTestCase.testTextSinkMapperEventGroupCustomDelimiter(TextDefaultSinkMapperTestCase.java:416)
	at sun.reflect.NativeMethodAccessorImpl.invoke0(Native Method)
	at sun.reflect.NativeMethodAccessorImpl.invoke(NativeMethodAccessorImpl.java:62)
	at sun.reflect.DelegatingMethodAccessorImpl.invoke(DelegatingMethodAccessorImpl.java:43)
	at java.lang.reflect.Method.invoke(Method.java:498)
	at org.testng.internal.MethodInvocationHelper.invokeMethod(MethodInvocationHelper.java:80)
	at org.testng.internal.Invoker.invokeMethod(Invoker.java:714)
	at org.testng.internal.Invoker.invokeTestMethod(Invoker.java:901)
	at org.testng.internal.Invoker.invokeTestMethods(Invoker.java:1231)
	at org.testng.internal.TestMethodWorker.invokeTestMethods(TestMethodWorker.java:127)
	at org.testng.internal.TestMethodWorker.run(TestMethodWorker.java:111)
	at org.testng.TestRunner.privateRun(TestRunner.java:767)
	at org.testng.TestRunner.run(TestRunner.java:617)
	at org.testng.SuiteRunner.runTest(SuiteRunner.java:334)
	at org.testng.SuiteRunner.runSequentially(SuiteRunner.java:329)
	at org.testng.SuiteRunner.privateRun(SuiteRunner.java:291)
	at org.testng.SuiteRunner.run(SuiteRunner.java:240)
	at org.testng.SuiteRunnerWorker.runSuite(SuiteRunnerWorker.java:52)
	at org.testng.SuiteRunnerWorker.run(SuiteRunnerWorker.java:86)
	at org.testng.TestNG.runSuitesSequentially(TestNG.java:1198)
	at org.testng.TestNG.runSuitesLocally(TestNG.java:1123)
	at org.testng.TestNG.run(TestNG.java:1031)
	at org.apache.maven.surefire.testng.TestNGExecutor.run(TestNGExecutor.java:281)
	at org.apache.maven.surefire.testng.TestNGXmlTestSuite.execute(TestNGXmlTestSuite.java:75)
	at org.apache.maven.surefire.testng.TestNGProvider.invoke(TestNGProvider.java:121)
	at org.apache.maven.surefire.booter.ForkedBooter.invokeProviderInSameClassLoader(ForkedBooter.java:290)
	at org.apache.maven.surefire.booter.ForkedBooter.runSuitesInProcess(ForkedBooter.java:242)
	at org.apache.maven.surefire.booter.ForkedBooter.main(ForkedBooter.java:121)
]]>
            </full-stacktrace>
          </exception> <!-- java.lang.AssertionError -->
          <reporter-output>
          </reporter-output>
        </test-method> <!-- testTextSinkMapperEventGroupCustomDelimiter -->
        <test-method status="PASS" signature="init()[pri:0, instance:org.wso2.extension.siddhi.map.text.sinkmapper.TextDefaultSinkMapperTestCase@35ff8fc9]" name="init" is-config="true" duration-ms="0" started-at="2019-03-19T12:00:20Z" finished-at="2019-03-19T12:00:20Z">
          <reporter-output>
          </reporter-output>
        </test-method> <!-- init -->
        <test-method status="FAIL" signature="testTextSinkMapperEventGroupDefaultDecimeter()[pri:0, instance:org.wso2.extension.siddhi.map.text.sinkmapper.TextDefaultSinkMapperTestCase@35ff8fc9]" name="testTextSinkMapperEventGroupDefaultDecimeter" duration-ms="60079" started-at="2019-03-19T12:00:20Z" finished-at="2019-03-19T12:01:20Z">
          <exception class="java.lang.AssertionError">
            <message>
              <![CDATA[expected [1] but found [0]]]>
            </message>
            <full-stacktrace>
              <![CDATA[java.lang.AssertionError: expected [1] but found [0]
	at org.testng.Assert.fail(Assert.java:94)
	at org.testng.Assert.failNotEquals(Assert.java:494)
	at org.testng.Assert.assertEquals(Assert.java:123)
	at org.testng.Assert.assertEquals(Assert.java:370)
	at org.testng.Assert.assertEquals(Assert.java:380)
	at org.wso2.extension.siddhi.map.text.sinkmapper.TextDefaultSinkMapperTestCase.testTextSinkMapperEventGroupDefaultDecimeter(TextDefaultSinkMapperTestCase.java:340)
	at sun.reflect.NativeMethodAccessorImpl.invoke0(Native Method)
	at sun.reflect.NativeMethodAccessorImpl.invoke(NativeMethodAccessorImpl.java:62)
	at sun.reflect.DelegatingMethodAccessorImpl.invoke(DelegatingMethodAccessorImpl.java:43)
	at java.lang.reflect.Method.invoke(Method.java:498)
	at org.testng.internal.MethodInvocationHelper.invokeMethod(MethodInvocationHelper.java:80)
	at org.testng.internal.Invoker.invokeMethod(Invoker.java:714)
	at org.testng.internal.Invoker.invokeTestMethod(Invoker.java:901)
	at org.testng.internal.Invoker.invokeTestMethods(Invoker.java:1231)
	at org.testng.internal.TestMethodWorker.invokeTestMethods(TestMethodWorker.java:127)
	at org.testng.internal.TestMethodWorker.run(TestMethodWorker.java:111)
	at org.testng.TestRunner.privateRun(TestRunner.java:767)
	at org.testng.TestRunner.run(TestRunner.java:617)
	at org.testng.SuiteRunner.runTest(SuiteRunner.java:334)
	at org.testng.SuiteRunner.runSequentially(SuiteRunner.java:329)
	at org.testng.SuiteRunner.privateRun(SuiteRunner.java:291)
	at org.testng.SuiteRunner.run(SuiteRunner.java:240)
	at org.testng.SuiteRunnerWorker.runSuite(SuiteRunnerWorker.java:52)
	at org.testng.SuiteRunnerWorker.run(SuiteRunnerWorker.java:86)
	at org.testng.TestNG.runSuitesSequentially(TestNG.java:1198)
	at org.testng.TestNG.runSuitesLocally(TestNG.java:1123)
	at org.testng.TestNG.run(TestNG.java:1031)
	at org.apache.maven.surefire.testng.TestNGExecutor.run(TestNGExecutor.java:281)
	at org.apache.maven.surefire.testng.TestNGXmlTestSuite.execute(TestNGXmlTestSuite.java:75)
	at org.apache.maven.surefire.testng.TestNGProvider.invoke(TestNGProvider.java:121)
	at org.apache.maven.surefire.booter.ForkedBooter.invokeProviderInSameClassLoader(ForkedBooter.java:290)
	at org.apache.maven.surefire.booter.ForkedBooter.runSuitesInProcess(ForkedBooter.java:242)
	at org.apache.maven.surefire.booter.ForkedBooter.main(ForkedBooter.java:121)
]]>
            </full-stacktrace>
          </exception> <!-- java.lang.AssertionError -->
          <reporter-output>
          </reporter-output>
        </test-method> <!-- testTextSinkMapperEventGroupDefaultDecimeter -->
        <test-method status="PASS" signature="init()[pri:0, instance:org.wso2.extension.siddhi.map.text.sinkmapper.TextDefaultSinkMapperTestCase@35ff8fc9]" name="init" is-config="true" duration-ms="0" started-at="2019-03-19T12:01:20Z" finished-at="2019-03-19T12:01:20Z">
          <reporter-output>
          </reporter-output>
        </test-method> <!-- init -->
        <test-method status="PASS" signature="testTextSinkMapperEventGroupHTTP()[pri:0, instance:org.wso2.extension.siddhi.map.text.sinkmapper.TextDefaultSinkMapperTestCase@35ff8fc9]" name="testTextSinkMapperEventGroupHTTP" duration-ms="1071" started-at="2019-03-19T12:01:20Z" finished-at="2019-03-19T12:01:21Z">
          <reporter-output>
          </reporter-output>
        </test-method> <!-- testTextSinkMapperEventGroupHTTP -->
        <test-method status="PASS" signature="init()[pri:0, instance:org.wso2.extension.siddhi.map.text.sinkmapper.TextDefaultSinkMapperTestCase@35ff8fc9]" name="init" is-config="true" duration-ms="0" started-at="2019-03-19T12:01:21Z" finished-at="2019-03-19T12:01:21Z">
          <reporter-output>
          </reporter-output>
        </test-method> <!-- init -->
        <test-method status="FAIL" signature="testTextSinkMapperEventGroupSingleEvent()[pri:0, instance:org.wso2.extension.siddhi.map.text.sinkmapper.TextDefaultSinkMapperTestCase@35ff8fc9]" name="testTextSinkMapperEventGroupSingleEvent" duration-ms="26" started-at="2019-03-19T12:01:21Z" finished-at="2019-03-19T12:01:21Z">
          <exception class="java.lang.AssertionError">
            <message>
              <![CDATA[expected [1] but found [3]]]>
            </message>
            <full-stacktrace>
              <![CDATA[java.lang.AssertionError: expected [1] but found [3]
	at org.testng.Assert.fail(Assert.java:94)
	at org.testng.Assert.failNotEquals(Assert.java:494)
	at org.testng.Assert.assertEquals(Assert.java:123)
	at org.testng.Assert.assertEquals(Assert.java:370)
	at org.testng.Assert.assertEquals(Assert.java:380)
	at org.wso2.extension.siddhi.map.text.sinkmapper.TextDefaultSinkMapperTestCase.testTextSinkMapperEventGroupSingleEvent(TextDefaultSinkMapperTestCase.java:544)
	at sun.reflect.NativeMethodAccessorImpl.invoke0(Native Method)
	at sun.reflect.NativeMethodAccessorImpl.invoke(NativeMethodAccessorImpl.java:62)
	at sun.reflect.DelegatingMethodAccessorImpl.invoke(DelegatingMethodAccessorImpl.java:43)
	at java.lang.reflect.Method.invoke(Method.java:498)
	at org.testng.internal.MethodInvocationHelper.invokeMethod(MethodInvocationHelper.java:80)
	at org.testng.internal.Invoker.invokeMethod(Invoker.java:714)
	at org.testng.internal.Invoker.invokeTestMethod(Invoker.java:901)
	at org.testng.internal.Invoker.invokeTestMethods(Invoker.java:1231)
	at org.testng.internal.TestMethodWorker.invokeTestMethods(TestMethodWorker.java:127)
	at org.testng.internal.TestMethodWorker.run(TestMethodWorker.java:111)
	at org.testng.TestRunner.privateRun(TestRunner.java:767)
	at org.testng.TestRunner.run(TestRunner.java:617)
	at org.testng.SuiteRunner.runTest(SuiteRunner.java:334)
	at org.testng.SuiteRunner.runSequentially(SuiteRunner.java:329)
	at org.testng.SuiteRunner.privateRun(SuiteRunner.java:291)
	at org.testng.SuiteRunner.run(SuiteRunner.java:240)
	at org.testng.SuiteRunnerWorker.runSuite(SuiteRunnerWorker.java:52)
	at org.testng.SuiteRunnerWorker.run(SuiteRunnerWorker.java:86)
	at org.testng.TestNG.runSuitesSequentially(TestNG.java:1198)
	at org.testng.TestNG.runSuitesLocally(TestNG.java:1123)
	at org.testng.TestNG.run(TestNG.java:1031)
	at org.apache.maven.surefire.testng.TestNGExecutor.run(TestNGExecutor.java:281)
	at org.apache.maven.surefire.testng.TestNGXmlTestSuite.execute(TestNGXmlTestSuite.java:75)
	at org.apache.maven.surefire.testng.TestNGProvider.invoke(TestNGProvider.java:121)
	at org.apache.maven.surefire.booter.ForkedBooter.invokeProviderInSameClassLoader(ForkedBooter.java:290)
	at org.apache.maven.surefire.booter.ForkedBooter.runSuitesInProcess(ForkedBooter.java:242)
	at org.apache.maven.surefire.booter.ForkedBooter.main(ForkedBooter.java:121)
]]>
            </full-stacktrace>
          </exception> <!-- java.lang.AssertionError -->
          <reporter-output>
          </reporter-output>
        </test-method> <!-- testTextSinkMapperEventGroupSingleEvent -->
        <test-method status="PASS" signature="init()[pri:0, instance:org.wso2.extension.siddhi.map.text.sinkmapper.TextDefaultSinkMapperTestCase@35ff8fc9]" name="init" is-config="true" duration-ms="0" started-at="2019-03-19T12:01:21Z" finished-at="2019-03-19T12:01:21Z">
          <reporter-output>
          </reporter-output>
        </test-method> <!-- init -->
        <test-method status="FAIL" signature="testTextSinkMapperNewLineCharacter()[pri:0, instance:org.wso2.extension.siddhi.map.text.sinkmapper.TextDefaultSinkMapperTestCase@35ff8fc9]" name="testTextSinkMapperNewLineCharacter" duration-ms="18" started-at="2019-03-19T12:01:21Z" finished-at="2019-03-19T12:01:21Z">
          <exception class="java.lang.AssertionError">
            <message>
              <![CDATA[expected [1] but found [4]]]>
            </message>
            <full-stacktrace>
              <![CDATA[java.lang.AssertionError: expected [1] but found [4]
	at org.testng.Assert.fail(Assert.java:94)
	at org.testng.Assert.failNotEquals(Assert.java:494)
	at org.testng.Assert.assertEquals(Assert.java:123)
	at org.testng.Assert.assertEquals(Assert.java:370)
	at org.testng.Assert.assertEquals(Assert.java:380)
	at org.wso2.extension.siddhi.map.text.sinkmapper.TextDefaultSinkMapperTestCase.testTextSinkMapperNewLineCharacter(TextDefaultSinkMapperTestCase.java:481)
	at sun.reflect.NativeMethodAccessorImpl.invoke0(Native Method)
	at sun.reflect.NativeMethodAccessorImpl.invoke(NativeMethodAccessorImpl.java:62)
	at sun.reflect.DelegatingMethodAccessorImpl.invoke(DelegatingMethodAccessorImpl.java:43)
	at java.lang.reflect.Method.invoke(Method.java:498)
	at org.testng.internal.MethodInvocationHelper.invokeMethod(MethodInvocationHelper.java:80)
	at org.testng.internal.Invoker.invokeMethod(Invoker.java:714)
	at org.testng.internal.Invoker.invokeTestMethod(Invoker.java:901)
	at org.testng.internal.Invoker.invokeTestMethods(Invoker.java:1231)
	at org.testng.internal.TestMethodWorker.invokeTestMethods(TestMethodWorker.java:127)
	at org.testng.internal.TestMethodWorker.run(TestMethodWorker.java:111)
	at org.testng.TestRunner.privateRun(TestRunner.java:767)
	at org.testng.TestRunner.run(TestRunner.java:617)
	at org.testng.SuiteRunner.runTest(SuiteRunner.java:334)
	at org.testng.SuiteRunner.runSequentially(SuiteRunner.java:329)
	at org.testng.SuiteRunner.privateRun(SuiteRunner.java:291)
	at org.testng.SuiteRunner.run(SuiteRunner.java:240)
	at org.testng.SuiteRunnerWorker.runSuite(SuiteRunnerWorker.java:52)
	at org.testng.SuiteRunnerWorker.run(SuiteRunnerWorker.java:86)
	at org.testng.TestNG.runSuitesSequentially(TestNG.java:1198)
	at org.testng.TestNG.runSuitesLocally(TestNG.java:1123)
	at org.testng.TestNG.run(TestNG.java:1031)
	at org.apache.maven.surefire.testng.TestNGExecutor.run(TestNGExecutor.java:281)
	at org.apache.maven.surefire.testng.TestNGXmlTestSuite.execute(TestNGXmlTestSuite.java:75)
	at org.apache.maven.surefire.testng.TestNGProvider.invoke(TestNGProvider.java:121)
	at org.apache.maven.surefire.booter.ForkedBooter.invokeProviderInSameClassLoader(ForkedBooter.java:290)
	at org.apache.maven.surefire.booter.ForkedBooter.runSuitesInProcess(ForkedBooter.java:242)
	at org.apache.maven.surefire.booter.ForkedBooter.main(ForkedBooter.java:121)
]]>
            </full-stacktrace>
          </exception> <!-- java.lang.AssertionError -->
          <reporter-output>
          </reporter-output>
        </test-method> <!-- testTextSinkMapperNewLineCharacter -->
        <test-method status="FAIL" signature="testTextSinkMapperWithDefaultMapping()[pri:0, instance:org.wso2.extension.siddhi.map.text.sinkmapper.TextDefaultSinkMapperTestCase@35ff8fc9]" name="testTextSinkMapperWithDefaultMapping" duration-ms="1013" started-at="2019-03-19T12:01:21Z" finished-at="2019-03-19T12:01:22Z">
          <exception class="java.lang.AssertionError">
            <message>
              <![CDATA[expected [2] but found [10]]]>
            </message>
            <full-stacktrace>
              <![CDATA[java.lang.AssertionError: expected [2] but found [10]
	at org.testng.Assert.fail(Assert.java:94)
	at org.testng.Assert.failNotEquals(Assert.java:494)
	at org.testng.Assert.assertEquals(Assert.java:123)
	at org.testng.Assert.assertEquals(Assert.java:370)
	at org.testng.Assert.assertEquals(Assert.java:380)
	at org.wso2.extension.siddhi.map.text.sinkmapper.TextDefaultSinkMapperTestCase.testTextSinkMapperWithDefaultMapping(TextDefaultSinkMapperTestCase.java:144)
	at sun.reflect.NativeMethodAccessorImpl.invoke0(Native Method)
	at sun.reflect.NativeMethodAccessorImpl.invoke(NativeMethodAccessorImpl.java:62)
	at sun.reflect.DelegatingMethodAccessorImpl.invoke(DelegatingMethodAccessorImpl.java:43)
	at java.lang.reflect.Method.invoke(Method.java:498)
	at org.testng.internal.MethodInvocationHelper.invokeMethod(MethodInvocationHelper.java:80)
	at org.testng.internal.Invoker.invokeMethod(Invoker.java:714)
	at org.testng.internal.Invoker.invokeTestMethod(Invoker.java:901)
	at org.testng.internal.Invoker.invokeTestMethods(Invoker.java:1231)
	at org.testng.internal.TestMethodWorker.invokeTestMethods(TestMethodWorker.java:127)
	at org.testng.internal.TestMethodWorker.run(TestMethodWorker.java:111)
	at org.testng.TestRunner.privateRun(TestRunner.java:767)
	at org.testng.TestRunner.run(TestRunner.java:617)
	at org.testng.SuiteRunner.runTest(SuiteRunner.java:334)
	at org.testng.SuiteRunner.runSequentially(SuiteRunner.java:329)
	at org.testng.SuiteRunner.privateRun(SuiteRunner.java:291)
	at org.testng.SuiteRunner.run(SuiteRunner.java:240)
	at org.testng.SuiteRunnerWorker.runSuite(SuiteRunnerWorker.java:52)
	at org.testng.SuiteRunnerWorker.run(SuiteRunnerWorker.java:86)
	at org.testng.TestNG.runSuitesSequentially(TestNG.java:1198)
	at org.testng.TestNG.runSuitesLocally(TestNG.java:1123)
	at org.testng.TestNG.run(TestNG.java:1031)
	at org.apache.maven.surefire.testng.TestNGExecutor.run(TestNGExecutor.java:281)
	at org.apache.maven.surefire.testng.TestNGXmlTestSuite.execute(TestNGXmlTestSuite.java:75)
	at org.apache.maven.surefire.testng.TestNGProvider.invoke(TestNGProvider.java:121)
	at org.apache.maven.surefire.booter.ForkedBooter.invokeProviderInSameClassLoader(ForkedBooter.java:290)
	at org.apache.maven.surefire.booter.ForkedBooter.runSuitesInProcess(ForkedBooter.java:242)
	at org.apache.maven.surefire.booter.ForkedBooter.main(ForkedBooter.java:121)
]]>
            </full-stacktrace>
          </exception> <!-- java.lang.AssertionError -->
          <reporter-output>
          </reporter-output>
        </test-method> <!-- testTextSinkMapperWithDefaultMapping -->
        <test-method status="PASS" signature="init()[pri:0, instance:org.wso2.extension.siddhi.map.text.sinkmapper.TextDefaultSinkMapperTestCase@35ff8fc9]" name="init" is-config="true" duration-ms="0" started-at="2019-03-19T12:01:21Z" finished-at="2019-03-19T12:01:21Z">
          <reporter-output>
          </reporter-output>
        </test-method> <!-- init -->
      </class> <!-- org.wso2.extension.siddhi.map.text.sinkmapper.TextDefaultSinkMapperTestCase -->
    </test> <!-- Siddhi-map-text-tests -->
  </suite> <!-- Siddhi-Map-Text-Test-Suite -->
</testng-results>
